[02/02/2021 15:32:15][root][INFO] App started
[02/02/2021 15:32:15][root][INFO] Data successfully loaded.
[02/02/2021 15:32:15][root][INFO] Data saved
[02/02/2021 15:33:16][root][INFO] App started
[02/02/2021 15:33:17][root][INFO] Response 200
[02/02/2021 15:33:17][root][INFO] Data successfully loaded.
[02/02/2021 15:33:17][root][INFO] Data saved
[02/02/2021 15:34:28][root][INFO] App started
[02/02/2021 15:34:41][root][INFO] App started
[02/02/2021 15:34:56][root][INFO] App started
[02/02/2021 15:35:13][root][INFO] App started
[02/02/2021 15:36:03][root][INFO] App started
[02/02/2021 15:36:17][root][INFO] App started
[02/02/2021 15:36:17][root][INFO] Response 200
[02/02/2021 15:36:17][root][INFO] Data successfully loaded.
[02/02/2021 15:36:17][root][INFO] Data saved
[02/02/2021 15:36:37][root][INFO] App started
[02/02/2021 15:36:37][root][INFO] Response 200 from https://s3.amazonaws.com/intercom-take-home-test/customers.txt
[02/02/2021 15:36:37][root][INFO] Data successfully loaded.
[02/02/2021 15:36:37][root][INFO] Data saved
[02/02/2021 15:37:57][root][INFO] App started
[02/02/2021 15:37:58][root][INFO] Response 200 from https://s3.amazonaws.com/intercom-take-home-test/customers.txt
[02/02/2021 15:37:58][root][INFO] Data successfully loaded.
[02/02/2021 15:37:58][root][INFO] Data saved
[02/02/2021 15:39:23][root][INFO] App started
[02/02/2021 15:39:24][root][INFO] Response 200 from https://s3.amazonaws.com/intercom-take-home-test/customers.txt
[02/02/2021 15:39:24][root][INFO] Data saved to /Users/marija/Documents/playground/intercom/src/data/customers.csv
[02/02/2021 15:39:24][root][INFO] Data successfully loaded.
[02/02/2021 15:39:24][root][INFO] Data saved
[02/02/2021 15:40:23][root][INFO] App started
[02/02/2021 15:40:23][root][INFO] Response 200 from https://s3.amazonaws.com/intercom-take-home-test/customers.txt
[02/02/2021 15:40:23][root][INFO] Data saved to /Users/marija/Documents/playground/intercom/src/data/customers.csv
[02/02/2021 15:40:23][root][INFO] Data successfully loaded.
[02/02/2021 15:40:23][root][INFO] Data successfully exported to /Users/marija/Documents/playground/intercom/src/output/output.json
